<?xml version="1.0" encoding="UTF-8"?>
<!-- Generated by org.testng.reporters.JUnitReportReporter -->
<testsuite skipped="0" hostname="Ishan" name="com.pam.testcases.LoginPage_TestCase" tests="3" failures="0" timestamp="16 Oct 2020 14:49:43 GMT" time="41.712" errors="0">
  <testcase name="loginpageTitle_Test" time="9.020" classname="com.pam.testcases.LoginPage_TestCase"/>
  <testcase name="Logo_Test" time="10.931" classname="com.pam.testcases.LoginPage_TestCase"/>
  <testcase name="loginTest" time="21.761" classname="com.pam.testcases.LoginPage_TestCase"/>
</testsuite> <!-- com.pam.testcases.LoginPage_TestCase -->
