<?xml version="1.0" encoding="UTF-8"?>
<!-- Generated by org.testng.reporters.JUnitReportReporter -->
<testsuite skipped="0" hostname="Ishan" name="com.pam.testcases.PaymentMethod_TestCase" tests="8" failures="0" timestamp="20 Dec 2020 14:11:16 GMT" time="127.315" errors="0">
  <testcase name="CancelButton_Test" time="17.042" classname="com.pam.testcases.PaymentMethod_TestCase"/>
  <testcase name="paymentmethod_pagetitle_Test" time="13.401" classname="com.pam.testcases.PaymentMethod_TestCase"/>
  <testcase name="verifyheading_Test" time="14.217" classname="com.pam.testcases.PaymentMethod_TestCase"/>
  <testcase name="plan_create" time="16.401" classname="com.pam.testcases.PaymentMethod_TestCase"/>
  <testcase name="plan_create" time="16.743" classname="com.pam.testcases.PaymentMethod_TestCase"/>
  <testcase name="plan_create" time="16.595" classname="com.pam.testcases.PaymentMethod_TestCase"/>
  <testcase name="plan_create" time="16.377" classname="com.pam.testcases.PaymentMethod_TestCase"/>
  <testcase name="PaymentMethod_Delete" time="16.539" classname="com.pam.testcases.PaymentMethod_TestCase"/>
</testsuite> <!-- com.pam.testcases.PaymentMethod_TestCase -->
