<?xml version="1.0" encoding="UTF-8"?>
<!-- Generated by org.testng.reporters.JUnitReportReporter -->
<testsuite skipped="0" hostname="Ishan" name="com.pam.testcases.StoreAdmin_TestCase" tests="5" failures="0" timestamp="14 Dec 2020 14:35:42 GMT" time="85.879" errors="0">
  <testcase name="CancelButton_Test" time="14.315" classname="com.pam.testcases.StoreAdmin_TestCase"/>
  <testcase name="paymentmethod_pagetitle_Test" time="13.771" classname="com.pam.testcases.StoreAdmin_TestCase"/>
  <testcase name="verifyheading_Test" time="23.157" classname="com.pam.testcases.StoreAdmin_TestCase"/>
  <testcase name="ClearButton_Test" time="14.508" classname="com.pam.testcases.StoreAdmin_TestCase"/>
  <testcase name="filter_search" time="20.128" classname="com.pam.testcases.StoreAdmin_TestCase"/>
</testsuite> <!-- com.pam.testcases.StoreAdmin_TestCase -->
