<?xml version="1.0" encoding="UTF-8"?>
<!-- Generated by org.testng.reporters.JUnitReportReporter -->
<testsuite skipped="0" hostname="Ishan" name="com.pam.testcases.Administrator_TestCase" tests="5" failures="0" timestamp="11 Dec 2020 14:46:42 GMT" time="83.660" errors="0">
  <testcase name="CancelButton_Test" time="14.948" classname="com.pam.testcases.Administrator_TestCase"/>
  <testcase name="paymentmethod_pagetitle_Test" time="14.762" classname="com.pam.testcases.Administrator_TestCase"/>
  <testcase name="verifyheading_Test" time="16.040" classname="com.pam.testcases.Administrator_TestCase"/>
  <testcase name="ClearButton_Test" time="16.561" classname="com.pam.testcases.Administrator_TestCase"/>
  <testcase name="filter_search" time="21.349" classname="com.pam.testcases.Administrator_TestCase"/>
</testsuite> <!-- com.pam.testcases.Administrator_TestCase -->
