<?xml version="1.0" encoding="UTF-8"?>
<!-- Generated by org.testng.reporters.JUnitReportReporter -->
<testsuite skipped="0" hostname="Ishan" name="com.pam.testcases.Subscription_TestCase" tests="6" failures="0" timestamp="21 Dec 2020 12:16:37 GMT" time="99.870" errors="0">
  <testcase name="CancelButton_Test" time="14.954" classname="com.pam.testcases.Subscription_TestCase"/>
  <testcase name="paymentmethod_pagetitle_Test" time="17.004" classname="com.pam.testcases.Subscription_TestCase"/>
  <testcase name="verifyheading_Test" time="15.647" classname="com.pam.testcases.Subscription_TestCase"/>
  <testcase name="ClearButton_Test" time="17.469" classname="com.pam.testcases.Subscription_TestCase"/>
  <testcase name="filter_search" time="17.000" classname="com.pam.testcases.Subscription_TestCase"/>
  <testcase name="filter_search" time="17.796" classname="com.pam.testcases.Subscription_TestCase"/>
</testsuite> <!-- com.pam.testcases.Subscription_TestCase -->
