<?xml version="1.0" encoding="UTF-8"?>
<!-- Generated by org.testng.reporters.JUnitReportReporter -->
<testsuite skipped="0" hostname="Ishan" name="com.pam.testcases.PlanPage_TestCase" tests="9" failures="0" timestamp="22 Dec 2020 12:36:10 GMT" time="181.059" errors="0">
  <testcase name="CancelButton_Test" time="18.657" classname="com.pam.testcases.PlanPage_TestCase"/>
  <testcase name="ValidatePlan_PageTitle_Test" time="13.095" classname="com.pam.testcases.PlanPage_TestCase"/>
  <testcase name="verifyheading_Test" time="14.846" classname="com.pam.testcases.PlanPage_TestCase"/>
  <testcase name="plan_create" time="29.212" classname="com.pam.testcases.PlanPage_TestCase"/>
  <testcase name="plan_create" time="25.632" classname="com.pam.testcases.PlanPage_TestCase"/>
  <testcase name="plan_create" time="19.182" classname="com.pam.testcases.PlanPage_TestCase"/>
  <testcase name="plan_create" time="15.152" classname="com.pam.testcases.PlanPage_TestCase"/>
  <testcase name="Plan_Update" time="28.864" classname="com.pam.testcases.PlanPage_TestCase"/>
  <testcase name="Plan_Delete" time="16.419" classname="com.pam.testcases.PlanPage_TestCase"/>
</testsuite> <!-- com.pam.testcases.PlanPage_TestCase -->
