<?xml version="1.0" encoding="UTF-8"?>
<!-- Generated by org.testng.reporters.JUnitReportReporter -->
<testsuite skipped="0" hostname="Ishan" name="com.pam.testcases.Dashboard_TestCase" tests="3" failures="0" timestamp="16 Oct 2020 14:49:43 GMT" time="53.497" errors="0">
  <testcase name="dashbaordpageTitle_Test" time="17.790" classname="com.pam.testcases.Dashboard_TestCase"/>
  <testcase name="verifyusername_Test" time="16.899" classname="com.pam.testcases.Dashboard_TestCase"/>
  <testcase name="clickonplatforms" time="18.808" classname="com.pam.testcases.Dashboard_TestCase"/>
</testsuite> <!-- com.pam.testcases.Dashboard_TestCase -->
