<?xml version="1.0" encoding="UTF-8"?>
<!-- Generated by org.testng.reporters.JUnitReportReporter -->
<testsuite skipped="0" hostname="Ishan" name="com.pam.testcases.Store_TestCase" tests="5" failures="0" timestamp="15 Dec 2020 13:29:16 GMT" time="81.471" errors="0">
  <testcase name="CancelButton_Test" time="14.291" classname="com.pam.testcases.Store_TestCase"/>
  <testcase name="paymentmethod_pagetitle_Test" time="14.527" classname="com.pam.testcases.Store_TestCase"/>
  <testcase name="verifyheading_Test" time="15.334" classname="com.pam.testcases.Store_TestCase"/>
  <testcase name="ClearButton_Test" time="15.283" classname="com.pam.testcases.Store_TestCase"/>
  <testcase name="filter_search" time="22.036" classname="com.pam.testcases.Store_TestCase"/>
</testsuite> <!-- com.pam.testcases.Store_TestCase -->
