<?xml version="1.0" encoding="UTF-8"?>
<!-- Generated by org.testng.reporters.JUnitReportReporter -->
<testsuite skipped="0" hostname="Ishan" name="com.pam.testcases.Transaction_TestCase" tests="5" failures="0" timestamp="15 Dec 2020 13:57:07 GMT" time="77.299" errors="0">
  <testcase name="CancelButton_Test" time="17.006" classname="com.pam.testcases.Transaction_TestCase"/>
  <testcase name="paymentmethod_pagetitle_Test" time="13.951" classname="com.pam.testcases.Transaction_TestCase"/>
  <testcase name="verifyheading_Test" time="14.886" classname="com.pam.testcases.Transaction_TestCase"/>
  <testcase name="ClearButton_Test" time="15.043" classname="com.pam.testcases.Transaction_TestCase"/>
  <testcase name="filter_search" time="16.413" classname="com.pam.testcases.Transaction_TestCase"/>
</testsuite> <!-- com.pam.testcases.Transaction_TestCase -->
