<?xml version="1.0" encoding="UTF-8"?>
<!-- Generated by org.testng.reporters.JUnitReportReporter -->
<testsuite skipped="0" hostname="Ishan" name="com.pam.testdata.LoginPage_TestCase" tests="3" failures="0" timestamp="14 Oct 2020 17:29:53 GMT" time="48.692" errors="0">
  <testcase name="loginpageTitle_Test" time="17.942" classname="com.pam.testdata.LoginPage_TestCase"/>
  <testcase name="Logo_Test" time="12.278" classname="com.pam.testdata.LoginPage_TestCase"/>
  <testcase name="loginTest" time="18.472" classname="com.pam.testdata.LoginPage_TestCase"/>
</testsuite> <!-- com.pam.testdata.LoginPage_TestCase -->
