<?xml version="1.0" encoding="UTF-8"?>
<!-- Generated by org.testng.reporters.JUnitReportReporter -->
<testsuite skipped="0" hostname="Ishan" name="com.pam.utilities.ishan" tests="1" failures="0" timestamp="18 Oct 2020 14:54:41 GMT" time="0.011" errors="0">
  <testcase name="testReadCellNumeric" time="0.011" classname="com.pam.utilities.ishan"/>
</testsuite> <!-- com.pam.utilities.ishan -->
