<?xml version="1.0" encoding="UTF-8"?>
<!-- Generated by org.testng.reporters.JUnitReportReporter -->
<testsuite skipped="0" hostname="Ishan" name="com.pam.testcases.CompanyApplicationPage_TestCase" tests="5" failures="0" timestamp="10 Dec 2020 15:27:03 GMT" time="79.863" errors="0">
  <testcase name="CancelButton_Test" time="14.011" classname="com.pam.testcases.CompanyApplicationPage_TestCase"/>
  <testcase name="paymentmethod_pagetitle_Test" time="14.357" classname="com.pam.testcases.CompanyApplicationPage_TestCase"/>
  <testcase name="verifyheading_Test" time="16.031" classname="com.pam.testcases.CompanyApplicationPage_TestCase"/>
  <testcase name="ClearButton_Test" time="14.894" classname="com.pam.testcases.CompanyApplicationPage_TestCase"/>
  <testcase name="filter_search" time="20.570" classname="com.pam.testcases.CompanyApplicationPage_TestCase"/>
</testsuite> <!-- com.pam.testcases.CompanyApplicationPage_TestCase -->
