<?xml version="1.0" encoding="UTF-8"?>
<!-- Generated by org.testng.reporters.JUnitReportReporter -->
<testsuite skipped="0" hostname="Ishan" name="com.pam.testcases.LogoutPage_TestCase" tests="2" failures="0" timestamp="15 Dec 2020 15:33:23 GMT" time="28.242" errors="0">
  <testcase name="paymentmethod_pagetitle_Test" time="15.017" classname="com.pam.testcases.LogoutPage_TestCase"/>
  <testcase name="verifyheading_Test" time="13.225" classname="com.pam.testcases.LogoutPage_TestCase"/>
</testsuite> <!-- com.pam.testcases.LogoutPage_TestCase -->
