<?xml version="1.0" encoding="UTF-8"?>
<!-- Generated by org.testng.reporters.JUnitReportReporter -->
<testsuite skipped="0" hostname="Ishan" name="com.pam.testcases.Platform_TestCase" tests="2" failures="0" timestamp="16 Oct 2020 14:49:43 GMT" time="40.796" errors="0">
  <testcase name="platformpagetitle_Test" time="21.539" classname="com.pam.testcases.Platform_TestCase"/>
  <testcase name="verifyheading_Test" time="19.257" classname="com.pam.testcases.Platform_TestCase"/>
</testsuite> <!-- com.pam.testcases.Platform_TestCase -->
